
*** Running vivado
    with args -log datapath.vds -m64 -product Vivado -mode batch -messageDb vivado.pb -notrace -source datapath.tcl


ECHO is off.
ECHO is off.

****** Vivado v2023.1 (64-bit)
  **** SW Build 3865809 on Sun May  7 15:05:29 MDT 2023
  **** IP Build 3864474 on Sun May  7 20:36:21 MDT 2023
  **** SharedData Build 3865790 on Sun May 07 13:33:03 MDT 2023
    ** Copyright 1986-2022 Xilinx, Inc. All Rights Reserved.
    ** Copyright 2022-2023 Advanced Micro Devices, Inc. All Rights Reserved.

source datapath.tcl -notrace
create_project: Time (s): cpu = 00:00:07 ; elapsed = 00:00:11 . Memory (MB): peak = 446.113 ; gain = 164.637
Command: read_checkpoint -auto_incremental -incremental C:/Users/aethe/OneDrive/Desktop/CODE/CMPEN331/Lab4_CMPEN331/Lab5/Lab5.srcs/utils_1/imports/synth_1/datapath.dcp
INFO: [Vivado 12-5825] Read reference checkpoint from C:/Users/aethe/OneDrive/Desktop/CODE/CMPEN331/Lab4_CMPEN331/Lab5/Lab5.srcs/utils_1/imports/synth_1/datapath.dcp for incremental synthesis
INFO: [Vivado 12-7989] Please ensure there are no constraint changes
Command: synth_design -top datapath -part xc7z010clg400-1
Starting synth_design
Attempting to get a license for feature 'Synthesis' and/or device 'xc7z010'
INFO: [Common 17-349] Got license for feature 'Synthesis' and/or device 'xc7z010'
INFO: [Designutils 20-5440] No compile time benefit to using incremental synthesis; A full resynthesis will be run
INFO: [Designutils 20-4379] Flow is switching to default flow due to incremental criteria not met. If you would like to alter this behaviour and have the flow terminate instead, please set the following parameter config_implementation {autoIncr.Synth.RejectBehavior Terminate}
INFO: [Synth 8-7079] Multithreading enabled for synth_design using a maximum of 2 processes.
INFO: [Synth 8-7078] Launching helper process for spawning children vivado processes
INFO: [Synth 8-7075] Helper process launched with PID 15808
---------------------------------------------------------------------------------
Starting Synthesize : Time (s): cpu = 00:00:05 ; elapsed = 00:00:08 . Memory (MB): peak = 887.555 ; gain = 409.840
---------------------------------------------------------------------------------
INFO: [Synth 8-6157] synthesizing module 'datapath' [C:/Users/aethe/OneDrive/Desktop/CODE/CMPEN331/Lab4_CMPEN331/Lab5/Lab5.srcs/sources_1/new/datapath.v:23]
INFO: [Synth 8-6157] synthesizing module 'pc' [C:/Users/aethe/OneDrive/Desktop/CODE/CMPEN331/Lab4_CMPEN331/Lab5/Lab5.srcs/sources_1/new/pc.v:23]
INFO: [Synth 8-6155] done synthesizing module 'pc' (0#1) [C:/Users/aethe/OneDrive/Desktop/CODE/CMPEN331/Lab4_CMPEN331/Lab5/Lab5.srcs/sources_1/new/pc.v:23]
INFO: [Synth 8-6157] synthesizing module 'pc_adder' [C:/Users/aethe/OneDrive/Desktop/CODE/CMPEN331/Lab4_CMPEN331/Lab5/Lab5.srcs/sources_1/new/pc_adder.v:2]
INFO: [Synth 8-6155] done synthesizing module 'pc_adder' (0#1) [C:/Users/aethe/OneDrive/Desktop/CODE/CMPEN331/Lab4_CMPEN331/Lab5/Lab5.srcs/sources_1/new/pc_adder.v:2]
INFO: [Synth 8-6157] synthesizing module 'inst_memory' [C:/Users/aethe/OneDrive/Desktop/CODE/CMPEN331/Lab4_CMPEN331/Lab5/Lab5.srcs/sources_1/new/inst_memory.v:23]
INFO: [Synth 8-6155] done synthesizing module 'inst_memory' (0#1) [C:/Users/aethe/OneDrive/Desktop/CODE/CMPEN331/Lab4_CMPEN331/Lab5/Lab5.srcs/sources_1/new/inst_memory.v:23]
INFO: [Synth 8-6157] synthesizing module 'ifid_pipeline_reg' [C:/Users/aethe/OneDrive/Desktop/CODE/CMPEN331/Lab4_CMPEN331/Lab5/Lab5.srcs/sources_1/new/ifid_pipeline_reg.v:23]
INFO: [Synth 8-6155] done synthesizing module 'ifid_pipeline_reg' (0#1) [C:/Users/aethe/OneDrive/Desktop/CODE/CMPEN331/Lab4_CMPEN331/Lab5/Lab5.srcs/sources_1/new/ifid_pipeline_reg.v:23]
INFO: [Synth 8-6157] synthesizing module 'control_unit' [C:/Users/aethe/OneDrive/Desktop/CODE/CMPEN331/Lab4_CMPEN331/Lab5/Lab5.srcs/sources_1/new/control_unit.v:23]
INFO: [Synth 8-155] case statement is not full and has no default [C:/Users/aethe/OneDrive/Desktop/CODE/CMPEN331/Lab4_CMPEN331/Lab5/Lab5.srcs/sources_1/new/control_unit.v:50]
INFO: [Synth 8-155] case statement is not full and has no default [C:/Users/aethe/OneDrive/Desktop/CODE/CMPEN331/Lab4_CMPEN331/Lab5/Lab5.srcs/sources_1/new/control_unit.v:47]
INFO: [Synth 8-6155] done synthesizing module 'control_unit' (0#1) [C:/Users/aethe/OneDrive/Desktop/CODE/CMPEN331/Lab4_CMPEN331/Lab5/Lab5.srcs/sources_1/new/control_unit.v:23]
INFO: [Synth 8-6157] synthesizing module 'reg_multiplex' [C:/Users/aethe/OneDrive/Desktop/CODE/CMPEN331/Lab4_CMPEN331/Lab5/Lab5.srcs/sources_1/new/reg_multiplex.v:23]
INFO: [Synth 8-6155] done synthesizing module 'reg_multiplex' (0#1) [C:/Users/aethe/OneDrive/Desktop/CODE/CMPEN331/Lab4_CMPEN331/Lab5/Lab5.srcs/sources_1/new/reg_multiplex.v:23]
INFO: [Synth 8-6157] synthesizing module 'forward_a_mux' [C:/Users/aethe/OneDrive/Desktop/CODE/CMPEN331/Lab4_CMPEN331/Lab5/Lab5.srcs/sources_1/new/forward_a_mux.v:23]
INFO: [Synth 8-6155] done synthesizing module 'forward_a_mux' (0#1) [C:/Users/aethe/OneDrive/Desktop/CODE/CMPEN331/Lab4_CMPEN331/Lab5/Lab5.srcs/sources_1/new/forward_a_mux.v:23]
INFO: [Synth 8-6157] synthesizing module 'forward_b_mux' [C:/Users/aethe/OneDrive/Desktop/CODE/CMPEN331/Lab4_CMPEN331/Lab5/Lab5.srcs/sources_1/new/forward_b_mux.v:23]
INFO: [Synth 8-6155] done synthesizing module 'forward_b_mux' (0#1) [C:/Users/aethe/OneDrive/Desktop/CODE/CMPEN331/Lab4_CMPEN331/Lab5/Lab5.srcs/sources_1/new/forward_b_mux.v:23]
INFO: [Synth 8-6157] synthesizing module 'reg_file' [C:/Users/aethe/OneDrive/Desktop/CODE/CMPEN331/Lab4_CMPEN331/Lab5/Lab5.srcs/sources_1/new/reg_file.v:23]
INFO: [Synth 8-6155] done synthesizing module 'reg_file' (0#1) [C:/Users/aethe/OneDrive/Desktop/CODE/CMPEN331/Lab4_CMPEN331/Lab5/Lab5.srcs/sources_1/new/reg_file.v:23]
INFO: [Synth 8-6157] synthesizing module 'immediate_extender' [C:/Users/aethe/OneDrive/Desktop/CODE/CMPEN331/Lab4_CMPEN331/Lab5/Lab5.srcs/sources_1/new/immediate_extender.v:23]
INFO: [Synth 8-6155] done synthesizing module 'immediate_extender' (0#1) [C:/Users/aethe/OneDrive/Desktop/CODE/CMPEN331/Lab4_CMPEN331/Lab5/Lab5.srcs/sources_1/new/immediate_extender.v:23]
INFO: [Synth 8-6157] synthesizing module 'id_exe_pipeline_reg' [C:/Users/aethe/OneDrive/Desktop/CODE/CMPEN331/Lab4_CMPEN331/Lab5/Lab5.srcs/sources_1/new/id_exe_pipeline_reg.v:23]
INFO: [Synth 8-6155] done synthesizing module 'id_exe_pipeline_reg' (0#1) [C:/Users/aethe/OneDrive/Desktop/CODE/CMPEN331/Lab4_CMPEN331/Lab5/Lab5.srcs/sources_1/new/id_exe_pipeline_reg.v:23]
INFO: [Synth 8-6157] synthesizing module 'alu_multiplex' [C:/Users/aethe/OneDrive/Desktop/CODE/CMPEN331/Lab4_CMPEN331/Lab5/Lab5.srcs/sources_1/new/alu_multiplex.v:23]
INFO: [Synth 8-6155] done synthesizing module 'alu_multiplex' (0#1) [C:/Users/aethe/OneDrive/Desktop/CODE/CMPEN331/Lab4_CMPEN331/Lab5/Lab5.srcs/sources_1/new/alu_multiplex.v:23]
INFO: [Synth 8-6157] synthesizing module 'alu' [C:/Users/aethe/OneDrive/Desktop/CODE/CMPEN331/Lab4_CMPEN331/Lab5/Lab5.srcs/sources_1/new/alu.v:23]
INFO: [Synth 8-155] case statement is not full and has no default [C:/Users/aethe/OneDrive/Desktop/CODE/CMPEN331/Lab4_CMPEN331/Lab5/Lab5.srcs/sources_1/new/alu.v:30]
INFO: [Synth 8-6155] done synthesizing module 'alu' (0#1) [C:/Users/aethe/OneDrive/Desktop/CODE/CMPEN331/Lab4_CMPEN331/Lab5/Lab5.srcs/sources_1/new/alu.v:23]
INFO: [Synth 8-6157] synthesizing module 'exemem_pipeline_reg' [C:/Users/aethe/OneDrive/Desktop/CODE/CMPEN331/Lab4_CMPEN331/Lab5/Lab5.srcs/sources_1/new/exemem_pipeline_reg.v:23]
INFO: [Synth 8-6155] done synthesizing module 'exemem_pipeline_reg' (0#1) [C:/Users/aethe/OneDrive/Desktop/CODE/CMPEN331/Lab4_CMPEN331/Lab5/Lab5.srcs/sources_1/new/exemem_pipeline_reg.v:23]
INFO: [Synth 8-6157] synthesizing module 'data_memory' [C:/Users/aethe/OneDrive/Desktop/CODE/CMPEN331/Lab4_CMPEN331/Lab5/Lab5.srcs/sources_1/new/data_memory.v:23]
INFO: [Synth 8-6155] done synthesizing module 'data_memory' (0#1) [C:/Users/aethe/OneDrive/Desktop/CODE/CMPEN331/Lab4_CMPEN331/Lab5/Lab5.srcs/sources_1/new/data_memory.v:23]
INFO: [Synth 8-6157] synthesizing module 'memwb_pipeline_reg' [C:/Users/aethe/OneDrive/Desktop/CODE/CMPEN331/Lab4_CMPEN331/Lab5/Lab5.srcs/sources_1/new/memwb_pipeline_reg.v:23]
INFO: [Synth 8-6155] done synthesizing module 'memwb_pipeline_reg' (0#1) [C:/Users/aethe/OneDrive/Desktop/CODE/CMPEN331/Lab4_CMPEN331/Lab5/Lab5.srcs/sources_1/new/memwb_pipeline_reg.v:23]
INFO: [Synth 8-6157] synthesizing module 'wb_mux' [C:/Users/aethe/OneDrive/Desktop/CODE/CMPEN331/Lab4_CMPEN331/Lab5/Lab5.srcs/sources_1/new/wb_mux.v:23]
INFO: [Synth 8-6155] done synthesizing module 'wb_mux' (0#1) [C:/Users/aethe/OneDrive/Desktop/CODE/CMPEN331/Lab4_CMPEN331/Lab5/Lab5.srcs/sources_1/new/wb_mux.v:23]
INFO: [Synth 8-6155] done synthesizing module 'datapath' (0#1) [C:/Users/aethe/OneDrive/Desktop/CODE/CMPEN331/Lab4_CMPEN331/Lab5/Lab5.srcs/sources_1/new/datapath.v:23]
WARNING: [Synth 8-7129] Port mr[31] in module data_memory is either unconnected or has no load
WARNING: [Synth 8-7129] Port mr[30] in module data_memory is either unconnected or has no load
WARNING: [Synth 8-7129] Port mr[29] in module data_memory is either unconnected or has no load
WARNING: [Synth 8-7129] Port mr[28] in module data_memory is either unconnected or has no load
WARNING: [Synth 8-7129] Port mr[27] in module data_memory is either unconnected or has no load
WARNING: [Synth 8-7129] Port mr[26] in module data_memory is either unconnected or has no load
WARNING: [Synth 8-7129] Port mr[25] in module data_memory is either unconnected or has no load
WARNING: [Synth 8-7129] Port mr[24] in module data_memory is either unconnected or has no load
WARNING: [Synth 8-7129] Port mr[23] in module data_memory is either unconnected or has no load
WARNING: [Synth 8-7129] Port mr[22] in module data_memory is either unconnected or has no load
WARNING: [Synth 8-7129] Port mr[21] in module data_memory is either unconnected or has no load
WARNING: [Synth 8-7129] Port mr[20] in module data_memory is either unconnected or has no load
WARNING: [Synth 8-7129] Port mr[19] in module data_memory is either unconnected or has no load
WARNING: [Synth 8-7129] Port mr[18] in module data_memory is either unconnected or has no load
WARNING: [Synth 8-7129] Port mr[17] in module data_memory is either unconnected or has no load
WARNING: [Synth 8-7129] Port mr[16] in module data_memory is either unconnected or has no load
WARNING: [Synth 8-7129] Port mr[15] in module data_memory is either unconnected or has no load
WARNING: [Synth 8-7129] Port mr[14] in module data_memory is either unconnected or has no load
WARNING: [Synth 8-7129] Port mr[13] in module data_memory is either unconnected or has no load
WARNING: [Synth 8-7129] Port mr[12] in module data_memory is either unconnected or has no load
WARNING: [Synth 8-7129] Port mr[11] in module data_memory is either unconnected or has no load
WARNING: [Synth 8-7129] Port mr[10] in module data_memory is either unconnected or has no load
WARNING: [Synth 8-7129] Port mr[9] in module data_memory is either unconnected or has no load
WARNING: [Synth 8-7129] Port mr[8] in module data_memory is either unconnected or has no load
WARNING: [Synth 8-7129] Port mr[1] in module data_memory is either unconnected or has no load
WARNING: [Synth 8-7129] Port mr[0] in module data_memory is either unconnected or has no load
WARNING: [Synth 8-7129] Port pc[31] in module inst_memory is either unconnected or has no load
WARNING: [Synth 8-7129] Port pc[30] in module inst_memory is either unconnected or has no load
WARNING: [Synth 8-7129] Port pc[29] in module inst_memory is either unconnected or has no load
WARNING: [Synth 8-7129] Port pc[28] in module inst_memory is either unconnected or has no load
WARNING: [Synth 8-7129] Port pc[27] in module inst_memory is either unconnected or has no load
WARNING: [Synth 8-7129] Port pc[26] in module inst_memory is either unconnected or has no load
WARNING: [Synth 8-7129] Port pc[25] in module inst_memory is either unconnected or has no load
WARNING: [Synth 8-7129] Port pc[24] in module inst_memory is either unconnected or has no load
WARNING: [Synth 8-7129] Port pc[23] in module inst_memory is either unconnected or has no load
WARNING: [Synth 8-7129] Port pc[22] in module inst_memory is either unconnected or has no load
WARNING: [Synth 8-7129] Port pc[21] in module inst_memory is either unconnected or has no load
WARNING: [Synth 8-7129] Port pc[20] in module inst_memory is either unconnected or has no load
WARNING: [Synth 8-7129] Port pc[19] in module inst_memory is either unconnected or has no load
WARNING: [Synth 8-7129] Port pc[18] in module inst_memory is either unconnected or has no load
WARNING: [Synth 8-7129] Port pc[17] in module inst_memory is either unconnected or has no load
WARNING: [Synth 8-7129] Port pc[16] in module inst_memory is either unconnected or has no load
WARNING: [Synth 8-7129] Port pc[15] in module inst_memory is either unconnected or has no load
WARNING: [Synth 8-7129] Port pc[14] in module inst_memory is either unconnected or has no load
WARNING: [Synth 8-7129] Port pc[13] in module inst_memory is either unconnected or has no load
WARNING: [Synth 8-7129] Port pc[12] in module inst_memory is either unconnected or has no load
WARNING: [Synth 8-7129] Port pc[11] in module inst_memory is either unconnected or has no load
WARNING: [Synth 8-7129] Port pc[10] in module inst_memory is either unconnected or has no load
WARNING: [Synth 8-7129] Port pc[9] in module inst_memory is either unconnected or has no load
WARNING: [Synth 8-7129] Port pc[8] in module inst_memory is either unconnected or has no load
WARNING: [Synth 8-7129] Port pc[1] in module inst_memory is either unconnected or has no load
WARNING: [Synth 8-7129] Port pc[0] in module inst_memory is either unconnected or has no load
---------------------------------------------------------------------------------
Finished Synthesize : Time (s): cpu = 00:00:07 ; elapsed = 00:00:11 . Memory (MB): peak = 979.484 ; gain = 501.770
---------------------------------------------------------------------------------
---------------------------------------------------------------------------------
Finished Constraint Validation : Time (s): cpu = 00:00:08 ; elapsed = 00:00:11 . Memory (MB): peak = 979.484 ; gain = 501.770
---------------------------------------------------------------------------------
---------------------------------------------------------------------------------
Start Loading Part and Timing Information
---------------------------------------------------------------------------------
Loading part: xc7z010clg400-1
---------------------------------------------------------------------------------
Finished Loading Part and Timing Information : Time (s): cpu = 00:00:08 ; elapsed = 00:00:11 . Memory (MB): peak = 979.484 ; gain = 501.770
---------------------------------------------------------------------------------
INFO: [Device 21-403] Loading part xc7z010clg400-1
WARNING: [Synth 8-327] inferring latch for variable 'wreg_reg' [C:/Users/aethe/OneDrive/Desktop/CODE/CMPEN331/Lab4_CMPEN331/Lab5/Lab5.srcs/sources_1/new/control_unit.v:72]
WARNING: [Synth 8-327] inferring latch for variable 'm2reg_reg' [C:/Users/aethe/OneDrive/Desktop/CODE/CMPEN331/Lab4_CMPEN331/Lab5/Lab5.srcs/sources_1/new/control_unit.v:73]
WARNING: [Synth 8-327] inferring latch for variable 'wmem_reg' [C:/Users/aethe/OneDrive/Desktop/CODE/CMPEN331/Lab4_CMPEN331/Lab5/Lab5.srcs/sources_1/new/control_unit.v:74]
WARNING: [Synth 8-327] inferring latch for variable 'aluc_reg' [C:/Users/aethe/OneDrive/Desktop/CODE/CMPEN331/Lab4_CMPEN331/Lab5/Lab5.srcs/sources_1/new/control_unit.v:53]
WARNING: [Synth 8-327] inferring latch for variable 'r_reg' [C:/Users/aethe/OneDrive/Desktop/CODE/CMPEN331/Lab4_CMPEN331/Lab5/Lab5.srcs/sources_1/new/alu.v:32]
---------------------------------------------------------------------------------
Finished RTL Optimization Phase 2 : Time (s): cpu = 00:00:08 ; elapsed = 00:00:12 . Memory (MB): peak = 979.484 ; gain = 501.770
---------------------------------------------------------------------------------
No constraint files found.
---------------------------------------------------------------------------------
Start RTL Component Statistics 
---------------------------------------------------------------------------------
Detailed RTL Component Info : 
+---Adders : 
	   2 Input   32 Bit       Adders := 1     
	   3 Input   32 Bit       Adders := 1     
+---XORs : 
	   2 Input     32 Bit         XORs := 1     
+---Registers : 
	               32 Bit    Registers := 9     
	                5 Bit    Registers := 3     
	                4 Bit    Registers := 1     
	                1 Bit    Registers := 9     
+---Muxes : 
	   6 Input   32 Bit        Muxes := 2     
	   4 Input   32 Bit        Muxes := 2     
	   2 Input   32 Bit        Muxes := 2     
	   2 Input    5 Bit        Muxes := 1     
	   2 Input    4 Bit        Muxes := 1     
	   6 Input    4 Bit        Muxes := 1     
	   2 Input    2 Bit        Muxes := 4     
	   3 Input    1 Bit        Muxes := 2     
	   2 Input    1 Bit        Muxes := 1     
	   6 Input    1 Bit        Muxes := 2     
---------------------------------------------------------------------------------
Finished RTL Component Statistics 
---------------------------------------------------------------------------------
---------------------------------------------------------------------------------
Start Part Resource Summary
---------------------------------------------------------------------------------
Part Resources:
DSPs: 80 (col length:40)
BRAMs: 120 (col length: RAMB18 40 RAMB36 20)
---------------------------------------------------------------------------------
Finished Part Resource Summary
---------------------------------------------------------------------------------
No constraint files found.
---------------------------------------------------------------------------------
Start Cross Boundary and Area Optimization
---------------------------------------------------------------------------------
WARNING: [Synth 8-7080] Parallel synthesis criteria is not met
WARNING: [Synth 8-3332] Sequential element (controlUnit/wreg_reg) is unused and will be removed from module datapath.
WARNING: [Synth 8-3332] Sequential element (controlUnit/m2reg_reg) is unused and will be removed from module datapath.
WARNING: [Synth 8-3332] Sequential element (controlUnit/wmem_reg) is unused and will be removed from module datapath.
---------------------------------------------------------------------------------
Finished Cross Boundary and Area Optimization : Time (s): cpu = 00:00:14 ; elapsed = 00:00:23 . Memory (MB): peak = 1180.125 ; gain = 702.410
---------------------------------------------------------------------------------
---------------------------------------------------------------------------------
Start ROM, RAM, DSP, Shift Register and Retiming Reporting
---------------------------------------------------------------------------------

Distributed RAM: Preliminary Mapping Report (see note below)
+------------+----------------------------+-----------+----------------------+----------------+
|Module Name | RTL Object                 | Inference | Size (Depth x Width) | Primitives     | 
+------------+----------------------------+-----------+----------------------+----------------+
|datapath    | regFile/register_reg       | Implied   | 32 x 32              | RAM32M x 12    | 
|datapath    | dataMemory/data_memory_reg | Implied   | 64 x 32              | RAM64X1S x 32  | 
+------------+----------------------------+-----------+----------------------+----------------+

Note: The table above is a preliminary report that shows the Distributed RAMs at the current stage of the synthesis flow. Some Distributed RAMs may be reimplemented as non Distributed RAM primitives later in the synthesis flow. Multiple instantiated RAMs are reported only once.
---------------------------------------------------------------------------------
Finished ROM, RAM, DSP, Shift Register and Retiming Reporting
---------------------------------------------------------------------------------
No constraint files found.
---------------------------------------------------------------------------------
Start Timing Optimization
---------------------------------------------------------------------------------
---------------------------------------------------------------------------------
Finished Timing Optimization : Time (s): cpu = 00:00:14 ; elapsed = 00:00:24 . Memory (MB): peak = 1180.125 ; gain = 702.410
---------------------------------------------------------------------------------
---------------------------------------------------------------------------------
Start ROM, RAM, DSP, Shift Register and Retiming Reporting
---------------------------------------------------------------------------------

Distributed RAM: Final Mapping Report
+------------+----------------------------+-----------+----------------------+----------------+
|Module Name | RTL Object                 | Inference | Size (Depth x Width) | Primitives     | 
+------------+----------------------------+-----------+----------------------+----------------+
|datapath    | regFile/register_reg       | Implied   | 32 x 32              | RAM32M x 12    | 
|datapath    | dataMemory/data_memory_reg | Implied   | 64 x 32              | RAM64X1S x 32  | 
+------------+----------------------------+-----------+----------------------+----------------+

---------------------------------------------------------------------------------
Finished ROM, RAM, DSP, Shift Register and Retiming Reporting
---------------------------------------------------------------------------------
---------------------------------------------------------------------------------
Start Technology Mapping
---------------------------------------------------------------------------------
---------------------------------------------------------------------------------
Finished Technology Mapping : Time (s): cpu = 00:00:14 ; elapsed = 00:00:24 . Memory (MB): peak = 1184.125 ; gain = 706.410
---------------------------------------------------------------------------------
---------------------------------------------------------------------------------
Start IO Insertion
---------------------------------------------------------------------------------
---------------------------------------------------------------------------------
Start Flattening Before IO Insertion
---------------------------------------------------------------------------------
---------------------------------------------------------------------------------
Finished Flattening Before IO Insertion
---------------------------------------------------------------------------------
---------------------------------------------------------------------------------
Start Final Netlist Cleanup
---------------------------------------------------------------------------------
---------------------------------------------------------------------------------
Finished Final Netlist Cleanup
---------------------------------------------------------------------------------
---------------------------------------------------------------------------------
Finished IO Insertion : Time (s): cpu = 00:00:20 ; elapsed = 00:00:31 . Memory (MB): peak = 1184.125 ; gain = 706.410
---------------------------------------------------------------------------------
---------------------------------------------------------------------------------
Start Renaming Generated Instances
---------------------------------------------------------------------------------
---------------------------------------------------------------------------------
Finished Renaming Generated Instances : Time (s): cpu = 00:00:20 ; elapsed = 00:00:31 . Memory (MB): peak = 1184.125 ; gain = 706.410
---------------------------------------------------------------------------------
---------------------------------------------------------------------------------
Start Rebuilding User Hierarchy
---------------------------------------------------------------------------------
---------------------------------------------------------------------------------
Finished Rebuilding User Hierarchy : Time (s): cpu = 00:00:20 ; elapsed = 00:00:31 . Memory (MB): peak = 1184.125 ; gain = 706.410
---------------------------------------------------------------------------------
---------------------------------------------------------------------------------
Start Renaming Generated Ports
---------------------------------------------------------------------------------
---------------------------------------------------------------------------------
Finished Renaming Generated Ports : Time (s): cpu = 00:00:20 ; elapsed = 00:00:31 . Memory (MB): peak = 1184.125 ; gain = 706.410
---------------------------------------------------------------------------------
---------------------------------------------------------------------------------
Start Handling Custom Attributes
---------------------------------------------------------------------------------
---------------------------------------------------------------------------------
Finished Handling Custom Attributes : Time (s): cpu = 00:00:20 ; elapsed = 00:00:31 . Memory (MB): peak = 1184.125 ; gain = 706.410
---------------------------------------------------------------------------------
---------------------------------------------------------------------------------
Start Renaming Generated Nets
---------------------------------------------------------------------------------
---------------------------------------------------------------------------------
Finished Renaming Generated Nets : Time (s): cpu = 00:00:20 ; elapsed = 00:00:31 . Memory (MB): peak = 1184.125 ; gain = 706.410
---------------------------------------------------------------------------------
---------------------------------------------------------------------------------
Start Writing Synthesis Report
---------------------------------------------------------------------------------

Report BlackBoxes: 
+-+--------------+----------+
| |BlackBox name |Instances |
+-+--------------+----------+
+-+--------------+----------+

Report Cell Usage: 
+------+---------+------+
|      |Cell     |Count |
+------+---------+------+
|1     |BUFG     |     2|
|2     |CARRY4   |    16|
|3     |LUT1     |     6|
|4     |LUT2     |     5|
|5     |LUT3     |    34|
|6     |LUT4     |     1|
|7     |LUT5     |    33|
|8     |LUT6     |    69|
|9     |RAM32M   |    10|
|10    |RAM32X1D |     4|
|11    |RAM64X1S |    12|
|12    |FDRE     |   226|
|13    |LD       |    36|
|14    |IBUF     |     1|
|15    |OBUF     |   316|
+------+---------+------+

Report Instance Areas: 
+------+--------------------+--------------------+------+
|      |Instance            |Module              |Cells |
+------+--------------------+--------------------+------+
|1     |top                 |                    |   771|
|2     |  dataMemory        |data_memory         |    12|
|3     |  ALU               |alu                 |    40|
|4     |  controlUnit       |control_unit        |     4|
|5     |  exeMemPipelineReg |exemem_pipeline_reg |   102|
|6     |  idExePipelineReg  |id_exe_pipeline_reg |   141|
|7     |  ifidPipelineReg   |ifid_pipeline_reg   |    45|
|8     |  memWbPipelineReg  |memwb_pipeline_reg  |    47|
|9     |  pCounter          |pc                  |    46|
|10    |  regFile           |reg_file            |    14|
+------+--------------------+--------------------+------+
---------------------------------------------------------------------------------
Finished Writing Synthesis Report : Time (s): cpu = 00:00:20 ; elapsed = 00:00:31 . Memory (MB): peak = 1184.125 ; gain = 706.410
---------------------------------------------------------------------------------
Synthesis finished with 0 errors, 0 critical warnings and 61 warnings.
Synthesis Optimization Runtime : Time (s): cpu = 00:00:20 ; elapsed = 00:00:31 . Memory (MB): peak = 1184.125 ; gain = 706.410
Synthesis Optimization Complete : Time (s): cpu = 00:00:20 ; elapsed = 00:00:31 . Memory (MB): peak = 1184.125 ; gain = 706.410
INFO: [Project 1-571] Translating synthesized netlist
Netlist sorting complete. Time (s): cpu = 00:00:00 ; elapsed = 00:00:00.027 . Memory (MB): peak = 1186.984 ; gain = 0.000
INFO: [Netlist 29-17] Analyzing 78 Unisim elements for replacement
INFO: [Netlist 29-28] Unisim Transformation completed in 0 CPU seconds
INFO: [Project 1-570] Preparing netlist for logic optimization
INFO: [Opt 31-138] Pushed 1 inverter(s) to 26 load pin(s).
Netlist sorting complete. Time (s): cpu = 00:00:00 ; elapsed = 00:00:00.001 . Memory (MB): peak = 1288.617 ; gain = 0.000
INFO: [Project 1-111] Unisim Transformation Summary:
  A total of 62 instances were transformed.
  LD => LDCE: 36 instances
  RAM32M => RAM32M (inverted pins: WCLK) (RAMD32(x6), RAMS32(x2)): 10 instances
  RAM32X1D => RAM32X1D (inverted pins: WCLK) (RAMD32(x2)): 4 instances
  RAM64X1S => RAM64X1S (inverted pins: WCLK) (RAMS64E): 12 instances

Synth Design complete | Checksum: f9b142d6
INFO: [Common 17-83] Releasing license: Synthesis
55 Infos, 61 Warnings, 0 Critical Warnings and 0 Errors encountered.
synth_design completed successfully
synth_design: Time (s): cpu = 00:00:22 ; elapsed = 00:00:35 . Memory (MB): peak = 1288.617 ; gain = 817.621
INFO: [Common 17-1381] The checkpoint 'C:/Users/aethe/OneDrive/Desktop/CODE/CMPEN331/Lab4_CMPEN331/Lab5/Lab5.runs/synth_1/datapath.dcp' has been generated.
INFO: [runtcl-4] Executing : report_utilization -file datapath_utilization_synth.rpt -pb datapath_utilization_synth.pb
INFO: [Common 17-206] Exiting Vivado at Sat Dec  9 20:29:47 2023...
